2018-02-10 23:03:58,436 [Start Help Server] INFO  org.eclipse.jetty.util.log - Logging initialized @25196428ms
2018-02-10 23:03:58,510 [Start Help Server] INFO  org.eclipse.jetty.server.Server - jetty-9.2.13.v20150730
2018-02-10 23:03:58,547 [Start Help Server] INFO  o.e.j.server.handler.ContextHandler - Started o.e.j.s.ServletContextHandler@631911dc{/help,null,AVAILABLE}
2018-02-10 23:03:58,561 [Start Help Server] INFO  o.e.jetty.server.ServerConnector - Started ServerConnector@74549fee{HTTP/1.1}{127.0.0.1:49888}
2018-02-10 23:03:58,561 [Start Help Server] INFO  org.eclipse.jetty.server.Server - Started @25196556ms
2018-02-11 15:30:22,330 [Worker-59] INFO  o.e.m.c.i.e.AbstractTransferListenerAdapter - Downloading https://repo.maven.apache.org/maven2/org/apache/felix/maven-bundle-plugin/2.3.7/maven-bundle-plugin-2.3.7.pom
2018-02-11 15:30:22,369 [Worker-59] INFO  o.e.m.c.i.e.AbstractTransferListenerAdapter - Downloaded https://repo.maven.apache.org/maven2/org/apache/felix/maven-bundle-plugin/2.3.7/maven-bundle-plugin-2.3.7.pom
2018-02-11 15:30:22,404 [Worker-59] INFO  o.e.m.c.i.e.AbstractTransferListenerAdapter - Downloading https://repo.maven.apache.org/maven2/org/apache/felix/felix-parent/2.1/felix-parent-2.1.pom
2018-02-11 15:30:22,436 [Worker-59] INFO  o.e.m.c.i.e.AbstractTransferListenerAdapter - Downloaded https://repo.maven.apache.org/maven2/org/apache/felix/felix-parent/2.1/felix-parent-2.1.pom
2018-02-11 15:30:22,478 [Worker-59] INFO  o.e.m.c.i.e.AbstractTransferListenerAdapter - Downloading https://repo.maven.apache.org/maven2/biz/aQute/bndlib/1.50.0/bndlib-1.50.0.pom
2018-02-11 15:30:22,508 [Worker-59] INFO  o.e.m.c.i.e.AbstractTransferListenerAdapter - Downloaded https://repo.maven.apache.org/maven2/biz/aQute/bndlib/1.50.0/bndlib-1.50.0.pom
2018-02-11 15:30:22,537 [Worker-59] INFO  o.e.m.c.i.e.AbstractTransferListenerAdapter - Downloading https://repo.maven.apache.org/maven2/org/apache/felix/org.apache.felix.bundlerepository/1.6.6/org.apache.felix.bundlerepository-1.6.6.pom
2018-02-11 15:30:22,565 [Worker-59] INFO  o.e.m.c.i.e.AbstractTransferListenerAdapter - Downloaded https://repo.maven.apache.org/maven2/org/apache/felix/org.apache.felix.bundlerepository/1.6.6/org.apache.felix.bundlerepository-1.6.6.pom
2018-02-11 15:30:22,598 [Worker-59] INFO  o.e.m.c.i.e.AbstractTransferListenerAdapter - Downloading https://repo.maven.apache.org/maven2/org/osgi/org.osgi.core/4.1.0/org.osgi.core-4.1.0.pom
2018-02-11 15:30:22,624 [Worker-59] INFO  o.e.m.c.i.e.AbstractTransferListenerAdapter - Downloaded https://repo.maven.apache.org/maven2/org/osgi/org.osgi.core/4.1.0/org.osgi.core-4.1.0.pom
2018-02-11 15:30:22,651 [Worker-59] INFO  o.e.m.c.i.e.AbstractTransferListenerAdapter - Downloading https://repo.maven.apache.org/maven2/org/easymock/easymock/2.4/easymock-2.4.pom
2018-02-11 15:30:22,681 [Worker-59] INFO  o.e.m.c.i.e.AbstractTransferListenerAdapter - Downloaded https://repo.maven.apache.org/maven2/org/easymock/easymock/2.4/easymock-2.4.pom
2018-02-11 15:30:22,710 [Worker-59] INFO  o.e.m.c.i.e.AbstractTransferListenerAdapter - Downloading https://repo.maven.apache.org/maven2/org/apache/maven/maven-core/2.0.7/maven-core-2.0.7.pom
2018-02-11 15:30:22,745 [Worker-59] INFO  o.e.m.c.i.e.AbstractTransferListenerAdapter - Downloaded https://repo.maven.apache.org/maven2/org/apache/maven/maven-core/2.0.7/maven-core-2.0.7.pom
2018-02-11 15:30:22,779 [Worker-59] INFO  o.e.m.c.i.e.AbstractTransferListenerAdapter - Downloading https://repo.maven.apache.org/maven2/org/apache/maven/maven/2.0.7/maven-2.0.7.pom
2018-02-11 15:30:22,810 [Worker-59] INFO  o.e.m.c.i.e.AbstractTransferListenerAdapter - Downloaded https://repo.maven.apache.org/maven2/org/apache/maven/maven/2.0.7/maven-2.0.7.pom
2018-02-11 15:30:22,856 [Worker-59] INFO  o.e.m.c.i.e.AbstractTransferListenerAdapter - Downloading https://repo.maven.apache.org/maven2/org/apache/maven/maven-settings/2.0.7/maven-settings-2.0.7.pom
2018-02-11 15:30:22,886 [Worker-59] INFO  o.e.m.c.i.e.AbstractTransferListenerAdapter - Downloaded https://repo.maven.apache.org/maven2/org/apache/maven/maven-settings/2.0.7/maven-settings-2.0.7.pom
2018-02-11 15:30:22,915 [Worker-59] INFO  o.e.m.c.i.e.AbstractTransferListenerAdapter - Downloading https://repo.maven.apache.org/maven2/org/apache/maven/maven-model/2.0.7/maven-model-2.0.7.pom
2018-02-11 15:30:22,949 [Worker-59] INFO  o.e.m.c.i.e.AbstractTransferListenerAdapter - Downloaded https://repo.maven.apache.org/maven2/org/apache/maven/maven-model/2.0.7/maven-model-2.0.7.pom
2018-02-11 15:30:23,026 [Worker-59] INFO  o.e.m.c.i.e.AbstractTransferListenerAdapter - Downloading https://repo.maven.apache.org/maven2/org/apache/maven/maven-plugin-parameter-documenter/2.0.7/maven-plugin-parameter-documenter-2.0.7.pom
2018-02-11 15:30:23,055 [Worker-59] INFO  o.e.m.c.i.e.AbstractTransferListenerAdapter - Downloaded https://repo.maven.apache.org/maven2/org/apache/maven/maven-plugin-parameter-documenter/2.0.7/maven-plugin-parameter-documenter-2.0.7.pom
2018-02-11 15:30:23,085 [Worker-59] INFO  o.e.m.c.i.e.AbstractTransferListenerAdapter - Downloading https://repo.maven.apache.org/maven2/org/apache/maven/reporting/maven-reporting-api/2.0.7/maven-reporting-api-2.0.7.pom
2018-02-11 15:30:23,116 [Worker-59] INFO  o.e.m.c.i.e.AbstractTransferListenerAdapter - Downloaded https://repo.maven.apache.org/maven2/org/apache/maven/reporting/maven-reporting-api/2.0.7/maven-reporting-api-2.0.7.pom
2018-02-11 15:30:23,146 [Worker-59] INFO  o.e.m.c.i.e.AbstractTransferListenerAdapter - Downloading https://repo.maven.apache.org/maven2/org/apache/maven/reporting/maven-reporting/2.0.7/maven-reporting-2.0.7.pom
2018-02-11 15:30:23,178 [Worker-59] INFO  o.e.m.c.i.e.AbstractTransferListenerAdapter - Downloaded https://repo.maven.apache.org/maven2/org/apache/maven/reporting/maven-reporting/2.0.7/maven-reporting-2.0.7.pom
2018-02-11 15:30:23,215 [Worker-59] INFO  o.e.m.c.i.e.AbstractTransferListenerAdapter - Downloading https://repo.maven.apache.org/maven2/org/apache/maven/maven-profile/2.0.7/maven-profile-2.0.7.pom
2018-02-11 15:30:23,244 [Worker-59] INFO  o.e.m.c.i.e.AbstractTransferListenerAdapter - Downloaded https://repo.maven.apache.org/maven2/org/apache/maven/maven-profile/2.0.7/maven-profile-2.0.7.pom
2018-02-11 15:30:23,276 [Worker-59] INFO  o.e.m.c.i.e.AbstractTransferListenerAdapter - Downloading https://repo.maven.apache.org/maven2/org/apache/maven/maven-artifact/2.0.7/maven-artifact-2.0.7.pom
2018-02-11 15:30:23,325 [Worker-59] INFO  o.e.m.c.i.e.AbstractTransferListenerAdapter - Downloaded https://repo.maven.apache.org/maven2/org/apache/maven/maven-artifact/2.0.7/maven-artifact-2.0.7.pom
2018-02-11 15:30:23,355 [Worker-59] INFO  o.e.m.c.i.e.AbstractTransferListenerAdapter - Downloading https://repo.maven.apache.org/maven2/org/apache/maven/maven-repository-metadata/2.0.7/maven-repository-metadata-2.0.7.pom
2018-02-11 15:30:23,385 [Worker-59] INFO  o.e.m.c.i.e.AbstractTransferListenerAdapter - Downloaded https://repo.maven.apache.org/maven2/org/apache/maven/maven-repository-metadata/2.0.7/maven-repository-metadata-2.0.7.pom
2018-02-11 15:30:23,415 [Worker-59] INFO  o.e.m.c.i.e.AbstractTransferListenerAdapter - Downloading https://repo.maven.apache.org/maven2/org/apache/maven/maven-error-diagnostics/2.0.7/maven-error-diagnostics-2.0.7.pom
2018-02-11 15:30:23,452 [Worker-59] INFO  o.e.m.c.i.e.AbstractTransferListenerAdapter - Downloaded https://repo.maven.apache.org/maven2/org/apache/maven/maven-error-diagnostics/2.0.7/maven-error-diagnostics-2.0.7.pom
2018-02-11 15:30:23,484 [Worker-59] INFO  o.e.m.c.i.e.AbstractTransferListenerAdapter - Downloading https://repo.maven.apache.org/maven2/org/apache/maven/maven-project/2.0.7/maven-project-2.0.7.pom
2018-02-11 15:30:23,514 [Worker-59] INFO  o.e.m.c.i.e.AbstractTransferListenerAdapter - Downloaded https://repo.maven.apache.org/maven2/org/apache/maven/maven-project/2.0.7/maven-project-2.0.7.pom
2018-02-11 15:30:23,542 [Worker-59] INFO  o.e.m.c.i.e.AbstractTransferListenerAdapter - Downloading https://repo.maven.apache.org/maven2/org/apache/maven/maven-artifact-manager/2.0.7/maven-artifact-manager-2.0.7.pom
2018-02-11 15:30:23,570 [Worker-59] INFO  o.e.m.c.i.e.AbstractTransferListenerAdapter - Downloaded https://repo.maven.apache.org/maven2/org/apache/maven/maven-artifact-manager/2.0.7/maven-artifact-manager-2.0.7.pom
2018-02-11 15:30:23,600 [Worker-59] INFO  o.e.m.c.i.e.AbstractTransferListenerAdapter - Downloading https://repo.maven.apache.org/maven2/org/apache/maven/maven-plugin-registry/2.0.7/maven-plugin-registry-2.0.7.pom
2018-02-11 15:30:23,629 [Worker-59] INFO  o.e.m.c.i.e.AbstractTransferListenerAdapter - Downloaded https://repo.maven.apache.org/maven2/org/apache/maven/maven-plugin-registry/2.0.7/maven-plugin-registry-2.0.7.pom
2018-02-11 15:30:23,662 [Worker-59] INFO  o.e.m.c.i.e.AbstractTransferListenerAdapter - Downloading https://repo.maven.apache.org/maven2/org/apache/maven/maven-plugin-api/2.0.7/maven-plugin-api-2.0.7.pom
2018-02-11 15:30:23,693 [Worker-59] INFO  o.e.m.c.i.e.AbstractTransferListenerAdapter - Downloaded https://repo.maven.apache.org/maven2/org/apache/maven/maven-plugin-api/2.0.7/maven-plugin-api-2.0.7.pom
2018-02-11 15:30:23,723 [Worker-59] INFO  o.e.m.c.i.e.AbstractTransferListenerAdapter - Downloading https://repo.maven.apache.org/maven2/org/apache/maven/maven-plugin-descriptor/2.0.7/maven-plugin-descriptor-2.0.7.pom
2018-02-11 15:30:23,751 [Worker-59] INFO  o.e.m.c.i.e.AbstractTransferListenerAdapter - Downloaded https://repo.maven.apache.org/maven2/org/apache/maven/maven-plugin-descriptor/2.0.7/maven-plugin-descriptor-2.0.7.pom
2018-02-11 15:30:23,786 [Worker-59] INFO  o.e.m.c.i.e.AbstractTransferListenerAdapter - Downloading https://repo.maven.apache.org/maven2/org/apache/maven/maven-monitor/2.0.7/maven-monitor-2.0.7.pom
2018-02-11 15:30:23,815 [Worker-59] INFO  o.e.m.c.i.e.AbstractTransferListenerAdapter - Downloaded https://repo.maven.apache.org/maven2/org/apache/maven/maven-monitor/2.0.7/maven-monitor-2.0.7.pom
2018-02-11 15:30:23,847 [Worker-59] INFO  o.e.m.c.i.e.AbstractTransferListenerAdapter - Downloading https://repo.maven.apache.org/maven2/org/apache/maven/maven-archiver/2.4.1/maven-archiver-2.4.1.pom
2018-02-11 15:30:23,878 [Worker-59] INFO  o.e.m.c.i.e.AbstractTransferListenerAdapter - Downloaded https://repo.maven.apache.org/maven2/org/apache/maven/maven-archiver/2.4.1/maven-archiver-2.4.1.pom
2018-02-11 15:30:23,939 [Worker-59] INFO  o.e.m.c.i.e.AbstractTransferListenerAdapter - Downloading https://repo.maven.apache.org/maven2/org/codehaus/plexus/plexus-archiver/1.0/plexus-archiver-1.0.pom
2018-02-11 15:30:23,971 [Worker-59] INFO  o.e.m.c.i.e.AbstractTransferListenerAdapter - Downloaded https://repo.maven.apache.org/maven2/org/codehaus/plexus/plexus-archiver/1.0/plexus-archiver-1.0.pom
2018-02-11 15:30:23,997 [Worker-59] INFO  o.e.m.c.i.e.AbstractTransferListenerAdapter - Downloading https://repo.maven.apache.org/maven2/org/codehaus/plexus/plexus-components/1.1.17/plexus-components-1.1.17.pom
2018-02-11 15:30:24,026 [Worker-59] INFO  o.e.m.c.i.e.AbstractTransferListenerAdapter - Downloaded https://repo.maven.apache.org/maven2/org/codehaus/plexus/plexus-components/1.1.17/plexus-components-1.1.17.pom
2018-02-11 15:30:24,053 [Worker-59] INFO  o.e.m.c.i.e.AbstractTransferListenerAdapter - Downloading https://repo.maven.apache.org/maven2/org/codehaus/plexus/plexus/2.0.5/plexus-2.0.5.pom
2018-02-11 15:30:24,090 [Worker-59] INFO  o.e.m.c.i.e.AbstractTransferListenerAdapter - Downloaded https://repo.maven.apache.org/maven2/org/codehaus/plexus/plexus/2.0.5/plexus-2.0.5.pom
2018-02-11 15:30:24,131 [Worker-59] INFO  o.e.m.c.i.e.AbstractTransferListenerAdapter - Downloading https://repo.maven.apache.org/maven2/org/codehaus/plexus/plexus-io/1.0/plexus-io-1.0.pom
2018-02-11 15:30:24,164 [Worker-59] INFO  o.e.m.c.i.e.AbstractTransferListenerAdapter - Downloaded https://repo.maven.apache.org/maven2/org/codehaus/plexus/plexus-io/1.0/plexus-io-1.0.pom
2018-02-11 15:30:24,203 [Worker-59] INFO  o.e.m.c.i.e.AbstractTransferListenerAdapter - Downloading https://repo.maven.apache.org/maven2/org/apache/maven/shared/maven-dependency-tree/1.2/maven-dependency-tree-1.2.pom
2018-02-11 15:30:24,234 [Worker-59] INFO  o.e.m.c.i.e.AbstractTransferListenerAdapter - Downloaded https://repo.maven.apache.org/maven2/org/apache/maven/shared/maven-dependency-tree/1.2/maven-dependency-tree-1.2.pom
2018-02-11 15:30:24,363 [Worker-59] INFO  o.e.m.c.i.e.AbstractTransferListenerAdapter - Downloading https://repo.maven.apache.org/maven2/org/apache/felix/maven-bundle-plugin/2.3.7/maven-bundle-plugin-2.3.7.jar
2018-02-11 15:30:25,041 [Worker-59] INFO  o.e.m.c.i.e.AbstractTransferListenerAdapter - Downloaded https://repo.maven.apache.org/maven2/org/apache/felix/maven-bundle-plugin/2.3.7/maven-bundle-plugin-2.3.7.jar
2018-02-11 15:30:25,062 [Worker-59] INFO  o.e.m.c.i.e.AbstractTransferListenerAdapter - Downloading https://repo.maven.apache.org/maven2/biz/aQute/bndlib/1.50.0/bndlib-1.50.0.jar
2018-02-11 15:30:32,793 [Worker-59] INFO  o.e.m.c.i.e.AbstractTransferListenerAdapter - Downloaded https://repo.maven.apache.org/maven2/biz/aQute/bndlib/1.50.0/bndlib-1.50.0.jar
2018-02-11 15:30:32,831 [Worker-59] INFO  o.e.m.c.i.e.AbstractTransferListenerAdapter - Downloading https://repo.maven.apache.org/maven2/org/apache/felix/org.apache.felix.bundlerepository/1.6.6/org.apache.felix.bundlerepository-1.6.6.jar
2018-02-11 15:30:33,549 [Worker-59] INFO  o.e.m.c.i.e.AbstractTransferListenerAdapter - Downloaded https://repo.maven.apache.org/maven2/org/apache/felix/org.apache.felix.bundlerepository/1.6.6/org.apache.felix.bundlerepository-1.6.6.jar
2018-02-11 15:30:33,585 [Worker-59] INFO  o.e.m.c.i.e.AbstractTransferListenerAdapter - Downloading https://repo.maven.apache.org/maven2/org/osgi/org.osgi.core/4.1.0/org.osgi.core-4.1.0.jar
2018-02-11 15:30:33,807 [Worker-59] INFO  o.e.m.c.i.e.AbstractTransferListenerAdapter - Downloaded https://repo.maven.apache.org/maven2/org/osgi/org.osgi.core/4.1.0/org.osgi.core-4.1.0.jar
2018-02-11 15:30:33,828 [Worker-59] INFO  o.e.m.c.i.e.AbstractTransferListenerAdapter - Downloading https://repo.maven.apache.org/maven2/org/easymock/easymock/2.4/easymock-2.4.jar
2018-02-11 15:30:33,937 [Worker-59] INFO  o.e.m.c.i.e.AbstractTransferListenerAdapter - Downloaded https://repo.maven.apache.org/maven2/org/easymock/easymock/2.4/easymock-2.4.jar
2018-02-11 15:30:33,961 [Worker-59] INFO  o.e.m.c.i.e.AbstractTransferListenerAdapter - Downloading https://repo.maven.apache.org/maven2/org/apache/maven/maven-core/2.0.7/maven-core-2.0.7.jar
2018-02-11 15:30:34,122 [Worker-59] INFO  o.e.m.c.i.e.AbstractTransferListenerAdapter - Downloaded https://repo.maven.apache.org/maven2/org/apache/maven/maven-core/2.0.7/maven-core-2.0.7.jar
2018-02-11 15:30:34,153 [Worker-59] INFO  o.e.m.c.i.e.AbstractTransferListenerAdapter - Downloading https://repo.maven.apache.org/maven2/org/apache/maven/maven-settings/2.0.7/maven-settings-2.0.7.jar
2018-02-11 15:30:34,196 [Worker-59] INFO  o.e.m.c.i.e.AbstractTransferListenerAdapter - Downloaded https://repo.maven.apache.org/maven2/org/apache/maven/maven-settings/2.0.7/maven-settings-2.0.7.jar
2018-02-11 15:30:34,227 [Worker-59] INFO  o.e.m.c.i.e.AbstractTransferListenerAdapter - Downloading https://repo.maven.apache.org/maven2/org/apache/maven/maven-plugin-parameter-documenter/2.0.7/maven-plugin-parameter-documenter-2.0.7.jar
2018-02-11 15:30:34,269 [Worker-59] INFO  o.e.m.c.i.e.AbstractTransferListenerAdapter - Downloaded https://repo.maven.apache.org/maven2/org/apache/maven/maven-plugin-parameter-documenter/2.0.7/maven-plugin-parameter-documenter-2.0.7.jar
2018-02-11 15:30:34,291 [Worker-59] INFO  o.e.m.c.i.e.AbstractTransferListenerAdapter - Downloading https://repo.maven.apache.org/maven2/org/apache/maven/reporting/maven-reporting-api/2.0.7/maven-reporting-api-2.0.7.jar
2018-02-11 15:30:34,328 [Worker-59] INFO  o.e.m.c.i.e.AbstractTransferListenerAdapter - Downloaded https://repo.maven.apache.org/maven2/org/apache/maven/reporting/maven-reporting-api/2.0.7/maven-reporting-api-2.0.7.jar
2018-02-11 15:30:34,348 [Worker-59] INFO  o.e.m.c.i.e.AbstractTransferListenerAdapter - Downloading https://repo.maven.apache.org/maven2/org/apache/maven/maven-profile/2.0.7/maven-profile-2.0.7.jar
2018-02-11 15:30:34,397 [Worker-59] INFO  o.e.m.c.i.e.AbstractTransferListenerAdapter - Downloaded https://repo.maven.apache.org/maven2/org/apache/maven/maven-profile/2.0.7/maven-profile-2.0.7.jar
2018-02-11 15:30:34,420 [Worker-59] INFO  o.e.m.c.i.e.AbstractTransferListenerAdapter - Downloading https://repo.maven.apache.org/maven2/org/apache/maven/maven-model/2.0.7/maven-model-2.0.7.jar
2018-02-11 15:30:34,493 [Worker-59] INFO  o.e.m.c.i.e.AbstractTransferListenerAdapter - Downloaded https://repo.maven.apache.org/maven2/org/apache/maven/maven-model/2.0.7/maven-model-2.0.7.jar
2018-02-11 15:30:34,516 [Worker-59] INFO  o.e.m.c.i.e.AbstractTransferListenerAdapter - Downloading https://repo.maven.apache.org/maven2/org/apache/maven/maven-artifact/2.0.7/maven-artifact-2.0.7.jar
2018-02-11 15:30:34,592 [Worker-59] INFO  o.e.m.c.i.e.AbstractTransferListenerAdapter - Downloaded https://repo.maven.apache.org/maven2/org/apache/maven/maven-artifact/2.0.7/maven-artifact-2.0.7.jar
2018-02-11 15:30:34,618 [Worker-59] INFO  o.e.m.c.i.e.AbstractTransferListenerAdapter - Downloading https://repo.maven.apache.org/maven2/org/apache/maven/maven-repository-metadata/2.0.7/maven-repository-metadata-2.0.7.jar
2018-02-11 15:30:34,649 [Worker-59] INFO  o.e.m.c.i.e.AbstractTransferListenerAdapter - Downloaded https://repo.maven.apache.org/maven2/org/apache/maven/maven-repository-metadata/2.0.7/maven-repository-metadata-2.0.7.jar
2018-02-11 15:30:34,676 [Worker-59] INFO  o.e.m.c.i.e.AbstractTransferListenerAdapter - Downloading https://repo.maven.apache.org/maven2/org/apache/maven/maven-error-diagnostics/2.0.7/maven-error-diagnostics-2.0.7.jar
2018-02-11 15:30:34,709 [Worker-59] INFO  o.e.m.c.i.e.AbstractTransferListenerAdapter - Downloaded https://repo.maven.apache.org/maven2/org/apache/maven/maven-error-diagnostics/2.0.7/maven-error-diagnostics-2.0.7.jar
2018-02-11 15:30:34,737 [Worker-59] INFO  o.e.m.c.i.e.AbstractTransferListenerAdapter - Downloading https://repo.maven.apache.org/maven2/org/apache/maven/maven-project/2.0.7/maven-project-2.0.7.jar
2018-02-11 15:30:34,819 [Worker-59] INFO  o.e.m.c.i.e.AbstractTransferListenerAdapter - Downloaded https://repo.maven.apache.org/maven2/org/apache/maven/maven-project/2.0.7/maven-project-2.0.7.jar
2018-02-11 15:30:34,840 [Worker-59] INFO  o.e.m.c.i.e.AbstractTransferListenerAdapter - Downloading https://repo.maven.apache.org/maven2/org/apache/maven/maven-plugin-registry/2.0.7/maven-plugin-registry-2.0.7.jar
2018-02-11 15:30:34,883 [Worker-59] INFO  o.e.m.c.i.e.AbstractTransferListenerAdapter - Downloaded https://repo.maven.apache.org/maven2/org/apache/maven/maven-plugin-registry/2.0.7/maven-plugin-registry-2.0.7.jar
2018-02-11 15:30:34,906 [Worker-59] INFO  o.e.m.c.i.e.AbstractTransferListenerAdapter - Downloading https://repo.maven.apache.org/maven2/org/apache/maven/maven-plugin-api/2.0.7/maven-plugin-api-2.0.7.jar
2018-02-11 15:30:34,937 [Worker-59] INFO  o.e.m.c.i.e.AbstractTransferListenerAdapter - Downloaded https://repo.maven.apache.org/maven2/org/apache/maven/maven-plugin-api/2.0.7/maven-plugin-api-2.0.7.jar
2018-02-11 15:30:34,959 [Worker-59] INFO  o.e.m.c.i.e.AbstractTransferListenerAdapter - Downloading https://repo.maven.apache.org/maven2/org/apache/maven/maven-plugin-descriptor/2.0.7/maven-plugin-descriptor-2.0.7.jar
2018-02-11 15:30:35,706 [Worker-59] INFO  o.e.m.c.i.e.AbstractTransferListenerAdapter - Downloaded https://repo.maven.apache.org/maven2/org/apache/maven/maven-plugin-descriptor/2.0.7/maven-plugin-descriptor-2.0.7.jar
2018-02-11 15:30:35,727 [Worker-59] INFO  o.e.m.c.i.e.AbstractTransferListenerAdapter - Downloading https://repo.maven.apache.org/maven2/org/apache/maven/maven-artifact-manager/2.0.7/maven-artifact-manager-2.0.7.jar
2018-02-11 15:30:35,899 [Worker-59] INFO  o.e.m.c.i.e.AbstractTransferListenerAdapter - Downloaded https://repo.maven.apache.org/maven2/org/apache/maven/maven-artifact-manager/2.0.7/maven-artifact-manager-2.0.7.jar
2018-02-11 15:30:35,922 [Worker-59] INFO  o.e.m.c.i.e.AbstractTransferListenerAdapter - Downloading https://repo.maven.apache.org/maven2/org/apache/maven/maven-monitor/2.0.7/maven-monitor-2.0.7.jar
2018-02-11 15:30:35,979 [Worker-59] INFO  o.e.m.c.i.e.AbstractTransferListenerAdapter - Downloaded https://repo.maven.apache.org/maven2/org/apache/maven/maven-monitor/2.0.7/maven-monitor-2.0.7.jar
2018-02-11 15:30:36,000 [Worker-59] INFO  o.e.m.c.i.e.AbstractTransferListenerAdapter - Downloading https://repo.maven.apache.org/maven2/org/apache/maven/maven-archiver/2.4.1/maven-archiver-2.4.1.jar
2018-02-11 15:30:36,059 [Worker-59] INFO  o.e.m.c.i.e.AbstractTransferListenerAdapter - Downloaded https://repo.maven.apache.org/maven2/org/apache/maven/maven-archiver/2.4.1/maven-archiver-2.4.1.jar
2018-02-11 15:30:36,079 [Worker-59] INFO  o.e.m.c.i.e.AbstractTransferListenerAdapter - Downloading https://repo.maven.apache.org/maven2/org/codehaus/plexus/plexus-archiver/1.0/plexus-archiver-1.0.jar
2018-02-11 15:30:40,256 [Worker-59] INFO  o.e.m.c.i.e.AbstractTransferListenerAdapter - Downloaded https://repo.maven.apache.org/maven2/org/codehaus/plexus/plexus-archiver/1.0/plexus-archiver-1.0.jar
2018-02-11 15:30:40,277 [Worker-59] INFO  o.e.m.c.i.e.AbstractTransferListenerAdapter - Downloading https://repo.maven.apache.org/maven2/org/codehaus/plexus/plexus-io/1.0/plexus-io-1.0.jar
2018-02-11 15:30:40,387 [Worker-59] INFO  o.e.m.c.i.e.AbstractTransferListenerAdapter - Downloaded https://repo.maven.apache.org/maven2/org/codehaus/plexus/plexus-io/1.0/plexus-io-1.0.jar
2018-02-11 15:30:40,409 [Worker-59] INFO  o.e.m.c.i.e.AbstractTransferListenerAdapter - Downloading https://repo.maven.apache.org/maven2/org/apache/maven/shared/maven-dependency-tree/1.2/maven-dependency-tree-1.2.jar
2018-02-11 15:30:40,500 [Worker-59] INFO  o.e.m.c.i.e.AbstractTransferListenerAdapter - Downloaded https://repo.maven.apache.org/maven2/org/apache/maven/shared/maven-dependency-tree/1.2/maven-dependency-tree-1.2.jar
2018-02-11 15:30:40,522 [Worker-59] INFO  o.e.m.c.i.e.AbstractTransferListenerAdapter - Downloading https://repo.maven.apache.org/maven2/org/codehaus/plexus/plexus-utils/2.1/plexus-utils-2.1.jar
2018-02-11 15:30:40,869 [Worker-59] INFO  o.e.m.c.i.e.AbstractTransferListenerAdapter - Downloaded https://repo.maven.apache.org/maven2/org/codehaus/plexus/plexus-utils/2.1/plexus-utils-2.1.jar
2018-02-14 08:18:25,892 [Stop Help Server] INFO  o.e.jetty.server.ServerConnector - Stopped ServerConnector@74549fee{HTTP/1.1}{127.0.0.1:0}
2018-02-14 08:18:25,907 [Stop Help Server] INFO  o.e.j.server.handler.ContextHandler - Stopped o.e.j.s.ServletContextHandler@631911dc{/help,null,UNAVAILABLE}
